<?xml version="1.0" encoding="UTF-8"?>
<!-- Generated by org.testng.reporters.JUnitReportReporter -->
<testsuite hostname="DESKTOP-J7O9EO8" failures="0" tests="1" name="login.TC_02_Test" time="2.473" errors="0" timestamp="2023-07-14T12:17:40 IST" skipped="0">
  <testcase classname="login.TC_02_Test" name="RegisteringUser" time="2.473"/>
  <system-out/>
</testsuite> <!-- login.TC_02_Test -->
