<?xml version="1.0" encoding="UTF-8"?>
<!-- Generated by org.testng.reporters.JUnitReportReporter -->
<testsuite hostname="DESKTOP-J7O9EO8" failures="0" tests="1" name="login.TC_02_Test" time="3.289" errors="0" timestamp="2023-07-06T19:28:21 IST" skipped="0">
  <testcase classname="login.TC_02_Test" name="RegisteringUser" time="3.289"/>
  <system-out/>
</testsuite> <!-- login.TC_02_Test -->
