<?xml version="1.0" encoding="UTF-8"?>
<!-- Generated by org.testng.reporters.JUnitReportReporter -->
<testsuite hostname="DESKTOP-J7O9EO8" failures="0" tests="1" name="login.TC_01_Test" time="1.552" errors="0" timestamp="2023-07-14T12:17:20 IST" skipped="0">
  <testcase classname="login.TC_01_Test" name="tc" time="1.552"/>
  <system-out>
    <![CDATA[for demo]]>
  </system-out>
</testsuite> <!-- login.TC_01_Test -->
