<?xml version="1.0" encoding="UTF-8"?>
<!-- Generated by org.testng.reporters.JUnitReportReporter -->
<testsuite hostname="DESKTOP-J7O9EO8" failures="0" tests="1" name="home.TestCase" time="0.019" errors="0" timestamp="05 Jul 2023 10:38:35 GMT" skipped="0">
  <testcase classname="home.TestCase" name="demo" time="0.019"/>
</testsuite> <!-- home.TestCase -->
