<?xml version="1.0" encoding="UTF-8"?>
<!-- Generated by org.testng.reporters.JUnitReportReporter -->
<testsuite hostname="DESKTOP-J7O9EO8" failures="0" tests="1" name="login.TC_03_Test" time="2.147" errors="0" timestamp="2023-07-06T19:29:07 IST" skipped="0">
  <testcase classname="login.TC_03_Test" name="LoginWith" time="2.147"/>
  <system-out/>
</testsuite> <!-- login.TC_03_Test -->
